0 info it worked if it ends with ok
1 verbose cli [ 'C:\\Program Files\\nodejs\\node.exe',
1 verbose cli   'C:\\Program Files\\nodejs\\node_modules\\npm\\bin\\npm-cli.js',
1 verbose cli   'install',
1 verbose cli   '--save-dev',
1 verbose cli   'electron-installer-debian' ]
2 info using npm@3.10.3
3 info using node@v6.3.1
4 silly loadCurrentTree Starting
5 silly install loadCurrentTree
6 silly install readLocalPackageData
7 silly fetchPackageMetaData electron-installer-debian
8 silly fetchNamedPackageData electron-installer-debian
9 silly mapToRegistry name electron-installer-debian
10 silly mapToRegistry using default registry
11 silly mapToRegistry registry https://registry.npmjs.org/
12 silly mapToRegistry data Result {
12 silly mapToRegistry   raw: 'electron-installer-debian',
12 silly mapToRegistry   scope: null,
12 silly mapToRegistry   escapedName: 'electron-installer-debian',
12 silly mapToRegistry   name: 'electron-installer-debian',
12 silly mapToRegistry   rawSpec: '',
12 silly mapToRegistry   spec: 'latest',
12 silly mapToRegistry   type: 'tag' }
13 silly mapToRegistry uri https://registry.npmjs.org/electron-installer-debian
14 verbose request uri https://registry.npmjs.org/electron-installer-debian
15 verbose request no auth needed
16 info attempt registry request try #1 at 08:39:29
17 verbose request id 44b2cd4b265f0557
18 http request GET https://registry.npmjs.org/electron-installer-debian
19 http 200 https://registry.npmjs.org/electron-installer-debian
20 verbose headers { server: 'CouchDB/1.6.1 (Erlang OTP/R16B03)',
20 verbose headers   etag: '"95OPM54M3EKM5MOIAAXS8BB83"',
20 verbose headers   'content-type': 'application/json',
20 verbose headers   'content-encoding': 'gzip',
20 verbose headers   'cache-control': 'max-age=300',
20 verbose headers   'content-length': '5819',
20 verbose headers   'accept-ranges': 'bytes',
20 verbose headers   date: 'Tue, 16 Aug 2016 06:39:29 GMT',
20 verbose headers   via: '1.1 varnish',
20 verbose headers   age: '0',
20 verbose headers   connection: 'keep-alive',
20 verbose headers   'x-served-by': 'cache-ams4423-AMS',
20 verbose headers   'x-cache': 'MISS',
20 verbose headers   'x-cache-hits': '0',
20 verbose headers   'x-timer': 'S1471329569.240635,VS0,VE186',
20 verbose headers   vary: 'Accept-Encoding' }
21 silly get cb [ 200,
21 silly get   { server: 'CouchDB/1.6.1 (Erlang OTP/R16B03)',
21 silly get     etag: '"95OPM54M3EKM5MOIAAXS8BB83"',
21 silly get     'content-type': 'application/json',
21 silly get     'content-encoding': 'gzip',
21 silly get     'cache-control': 'max-age=300',
21 silly get     'content-length': '5819',
21 silly get     'accept-ranges': 'bytes',
21 silly get     date: 'Tue, 16 Aug 2016 06:39:29 GMT',
21 silly get     via: '1.1 varnish',
21 silly get     age: '0',
21 silly get     connection: 'keep-alive',
21 silly get     'x-served-by': 'cache-ams4423-AMS',
21 silly get     'x-cache': 'MISS',
21 silly get     'x-cache-hits': '0',
21 silly get     'x-timer': 'S1471329569.240635,VS0,VE186',
21 silly get     vary: 'Accept-Encoding' } ]
22 verbose get saving electron-installer-debian to C:\Users\idstage\AppData\Roaming\npm-cache\registry.npmjs.org\electron-installer-debian\.cache.json
23 verbose correctMkdir C:\Users\idstage\AppData\Roaming\npm-cache correctMkdir not in flight; initializing
24 silly install normalizeTree
25 silly loadCurrentTree Finishing
26 silly loadIdealTree Starting
27 silly install loadIdealTree
28 silly cloneCurrentTree Starting
29 silly install cloneCurrentTreeToIdealTree
30 silly cloneCurrentTree Finishing
31 silly loadShrinkwrap Starting
32 silly install loadShrinkwrap
33 silly loadShrinkwrap Finishing
34 silly loadAllDepsIntoIdealTree Starting
35 silly install loadAllDepsIntoIdealTree
36 silly rollbackFailedOptional Starting
37 silly rollbackFailedOptional Finishing
38 silly runTopLevelLifecycles Starting
39 silly runTopLevelLifecycles Finishing
40 silly install printInstalled
41 verbose stack Error: Unsupported platform for electron-installer-debian@0.3.1: wanted {"name":"electron-installer-debian","description":"Create a Debian package for your Electron app.","version":"0.3.1","license":"MIT","author":{"name":"Daniel Perez Alvarez","email":"unindented@gmail.com","url":"http://unindented.org/"},"repository":{"type":"git","url":"git://github.com/unindented/electron-installer-debian.git"},"keywords":["electron","debian"],"os":["darwin","linux"],"main":"src/installer.js","bin":{"electron-installer-debian":"src/cli.js"},"scripts":{"clean":"rimraf test/fixtures/out","lint":"eslint .","spec":"mocha","test":"npm run clean && npm run lint && npm run spec"},"dependencies":{"asar":"^0.12.0","async":"^2.0.0","debug":"^2.2.0","fs-extra":"^0.30.0","get-folder-size":"^1.0.0","glob":"^7.0.0","lodash":"^4.13.0","temp":"^0.8.3","word-wrap":"^1.1.0","yargs":"^4.1.0"},"devDependencies":{"chai":"^3.4.1","eslint":"^3.2.2","eslint-config-standard":"^5.1.0","eslint-plugin-promise":"^2.0.0","eslint-plugin-standard":"^2.0.0","mocha":"^3.0.0","retry":"^0.9.0","rimraf":"^2.5.1"},"gitHead":"7291b71c54b162d35c851f3d03901180f1f9bec1","bugs":{"url":"https://github.com/unindented/electron-installer-debian/issues"},"homepage":"https://github.com/unindented/electron-installer-debian#readme","_id":"electron-installer-debian@0.3.1","_shasum":"56128133be9f05bb60a4974c6228e63fa05dde0e","_from":"electron-installer-debian","_npmVersion":"3.10.3","_nodeVersion":"6.3.1","_npmUser":{"name":"unindented","email":"unindented@gmail.com"},"dist":{"shasum":"56128133be9f05bb60a4974c6228e63fa05dde0e","tarball":"https://registry.npmjs.org/electron-installer-debian/-/electron-installer-debian-0.3.1.tgz"},"maintainers":[{"name":"unindented","email":"unindented@gmail.com"}],"_npmOperationalInternal":{"host":"packages-12-west.internal.npmjs.com","tmp":"tmp/electron-installer-debian-0.3.1.tgz_1470174634722_0.698838371085003"},"directories":{},"_resolved":"https://registry.npmjs.org/electron-installer-debian/-/electron-installer-debian-0.3.1.tgz","_requested":{"raw":"electron-installer-debian","scope":null,"escapedName":"electron-installer-debian","name":"electron-installer-debian","rawSpec":"","spec":"latest","type":"tag"},"_spec":"electron-installer-debian","_where":"C:\\Users\\idstage\\Desktop\\RS232 Serialport","_args":[[{"raw":"electron-installer-debian","scope":null,"escapedName":"electron-installer-debian","name":"electron-installer-debian","rawSpec":"","spec":"latest","type":"tag"},"C:\\Users\\idstage\\Desktop\\RS232 Serialport"]],"readme":"ERROR: No README data found!"} (current: {"os":"win32","cpu":"x64"})
41 verbose stack     at checkPlatform (C:\Program Files\nodejs\node_modules\npm\node_modules\npm-install-checks\index.js:45:14)
41 verbose stack     at thenWarnEngineIssues (C:\Program Files\nodejs\node_modules\npm\lib\install\validate-args.js:41:5)
41 verbose stack     at C:\Program Files\nodejs\node_modules\npm\node_modules\iferr\index.js:13:50
41 verbose stack     at checkEngine (C:\Program Files\nodejs\node_modules\npm\node_modules\npm-install-checks\index.js:10:20)
41 verbose stack     at module.exports.isInstallable (C:\Program Files\nodejs\node_modules\npm\lib\install\validate-args.js:38:3)
41 verbose stack     at Array.<anonymous> (C:\Program Files\nodejs\node_modules\npm\node_modules\slide\lib\bind-actor.js:15:8)
41 verbose stack     at LOOP (C:\Program Files\nodejs\node_modules\npm\node_modules\slide\lib\chain.js:15:14)
41 verbose stack     at C:\Program Files\nodejs\node_modules\npm\node_modules\slide\lib\chain.js:18:7
41 verbose stack     at checkSelf (C:\Program Files\nodejs\node_modules\npm\lib\install\validate-args.js:46:72)
41 verbose stack     at Array.<anonymous> (C:\Program Files\nodejs\node_modules\npm\node_modules\slide\lib\bind-actor.js:15:8)
42 verbose pkgid electron-installer-debian@0.3.1
43 verbose cwd C:\Users\idstage\Desktop\RS232 Serialport
44 error Windows_NT 10.0.10586
45 error argv "C:\\Program Files\\nodejs\\node.exe" "C:\\Program Files\\nodejs\\node_modules\\npm\\bin\\npm-cli.js" "install" "--save-dev" "electron-installer-debian"
46 error node v6.3.1
47 error npm  v3.10.3
48 error code EBADPLATFORM
49 error notsup Not compatible with your operating system or architecture: electron-installer-debian@0.3.1
50 error notsup Valid OS:    darwin,linux
50 error notsup Valid Arch:  any
50 error notsup Actual OS:   win32
50 error notsup Actual Arch: x64
51 verbose exit [ 1, true ]
